Este jogo nao foi inserido. Validar manualmente. link=http://www.youtube.com/embed/n4tqSD3HGssEste jogo nao foi inserido. Validar manualmente. link=http://video.rutube.ru/ee8e1dd5e583dae0b0fab8f9922016acEste jogo nao foi inserido. Validar manualmente. link=http://www.youtube.com/embed/6fZdSUN4B4EEste jogo nao foi inserido. Validar manualmente. link=http://www.youtube.com/embed/OGyGOfaopA8Este jogo nao foi inserido. Validar manualmente. link=http://www.dailymotion.com/embed/video/xpj5rh_v-guimaraes-1-0-olhanense_sportEste jogo nao foi inserido. Validar manualmente. link=http://www.youtube.com/embed/9p2fDEhn0HoEste jogo nao foi inserido. Validar manualmente. link=http://www.youtube.com/embed/Ynvfkjs9srIEste jogo nao foi inserido. Validar manualmente. link=http://www.youtube.com/embed/Ynvfkjs9srIEste jogo nao foi inserido. Validar manualmente. link=http://www.youtube.com/embed/PuXJYqmDQvcEste jogo nao foi inserido. Validar manualmente. link=http://www.youtube.com/embed/nhkH_QhrSQU
Este jogo nao foi inserido. Validar manualmente. link=http://www.youtube.com/embed/JvHWGciKREI
Este jogo nao foi inserido. Validar manualmente. link=http://www.youtube.com/embed/ogyb0GMgGkc
Este jogo nao foi inserido. Validar manualmente. link=http://video.rutube.ru/c3e7e90436de156f1302dfc68c9673cb
Este jogo nao foi inserido. Validar manualmente. link=http://www.youtube.com/embed/xA0jJYC57Z8
Este jogo nao foi inserido. Validar manualmente. link=http://www.youtube.com/embed/B5QPwluQ7r4
Este jogo nao foi inserido. Validar manualmente. link=http://video.rutube.ru/5266cf177f4a64efe4185a04dc6f9008
Este jogo nao foi inserido. Validar manualmente. link=http://www.dailymotion.com/embed/video/xq2gf8
Este jogo nao foi inserido. Validar manualmente. link=http://www.youtube.com/embed/J4IrRUM7VxE
Este jogo nao foi inserido. Validar manualmente. link=http://www.youtube.com/embed/mlNfsiSWlXY
Este jogo nao foi inserido. Validar manualmente. link=http://www.youtube.com/embed/gZUt6coa9JE
Este jogo nao foi inserido. Validar manualmente. link=http://www.youtube.com/embed/c8we73HTVqg
Este jogo nao foi inserido. Validar manualmente. link=http://www.youtube.com/embed/jKqXJwAgSeM
Este jogo nao foi inserido. Validar manualmente. link=http://www.youtube.com/embed/5h-EgCPPQrI
Este jogo nao foi inserido. Validar manualmente. link=http://www.youtube.com/embed/DYT1VbLzIfY
Este jogo nao foi inserido. Validar manualmente. link=http://www.youtube.com/embed/gZUt6coa9JE
Este jogo nao foi inserido. Validar manualmente. link=http://www.youtube.com/embed/c8we73HTVqg
Este jogo nao foi inserido. Validar manualmente. link=http://www.youtube.com/embed/jKqXJwAgSeM
Este jogo nao foi inserido. Validar manualmente. link=http://www.youtube.com/embed/5h-EgCPPQrI
Este jogo nao foi inserido. Validar manualmente. link=http://www.youtube.com/embed/DYT1VbLzIfY
Este jogo nao foi inserido. Validar manualmente. link=http://www.youtube.com/embed/hmSEE7miXuo
Este jogo nao foi inserido. Validar manualmente. link=http://www.youtube.com/embed/1ZSCNxZHbRg
Este jogo nao foi inserido. Validar manualmente. link=http://www.youtube.com/embed/NNaL0jzXwfg
Este jogo nao foi inserido. Validar manualmente. link=http://www.youtube.com/embed/GTPaxpeSQxA
Este jogo nao foi inserido. Validar manualmente. link=http://www.youtube.com/embed/gZUt6coa9JE
Este jogo nao foi inserido. Validar manualmente. link=http://www.youtube.com/embed/c8we73HTVqg
Este jogo nao foi inserido. Validar manualmente. link=http://www.youtube.com/embed/jKqXJwAgSeM
